Linux 5.8.0-55-generic (sarue) 	21/06/2021 	_x86_64_	(4 CPU)

18:55:53      UID       PID    %usr %system  %guest   %wait    %CPU   CPU  Command
18:55:54     1000     49450  125,00   34,00    0,00    0,00  159,00     2  java

18:55:53      UID       PID  minflt/s  majflt/s     VSZ     RSS   %MEM  Command
18:55:54     1000     49450  65379,00      0,00 11068948  585536   3,60  java

18:55:54      UID       PID    %usr %system  %guest   %wait    %CPU   CPU  Command
18:55:55     1000     49450  114,00   28,00    0,00    0,00  142,00     2  java

18:55:54      UID       PID  minflt/s  majflt/s     VSZ     RSS   %MEM  Command
18:55:55     1000     49450  57113,00      0,00 11068948  813852   5,00  java

18:55:55      UID       PID    %usr %system  %guest   %wait    %CPU   CPU  Command
18:55:56     1000     49450   57,00   26,00    0,00    0,00   83,00     2  java

18:55:55      UID       PID  minflt/s  majflt/s     VSZ     RSS   %MEM  Command
18:55:56     1000     49450  21011,00      0,00 11068948  898096   5,51  java

18:55:56      UID       PID    %usr %system  %guest   %wait    %CPU   CPU  Command
18:55:57     1000     49450   78,00   21,00    0,00    0,00   99,00     2  java

18:55:56      UID       PID  minflt/s  majflt/s     VSZ     RSS   %MEM  Command
18:55:57     1000     49450   2114,00      0,00 11068948  906384   5,57  java

18:55:57      UID       PID    %usr %system  %guest   %wait    %CPU   CPU  Command
18:55:58     1000     49450   92,00   36,00    0,00    0,00  128,00     2  java

18:55:57      UID       PID  minflt/s  majflt/s     VSZ     RSS   %MEM  Command
18:55:58     1000     49450 123703,00      0,00 11068948 1401092   8,60  java

18:55:58      UID       PID    %usr %system  %guest   %wait    %CPU   CPU  Command
18:55:59     1000     49450  100,00   27,00    0,00    0,00  127,00     2  java

18:55:58      UID       PID  minflt/s  majflt/s     VSZ     RSS   %MEM  Command
18:55:59     1000     49450   3359,00      0,00 11068948 1414656   8,69  java

18:55:59      UID       PID    %usr %system  %guest   %wait    %CPU   CPU  Command
18:56:00     1000     49450   83,00   30,00    0,00    0,00  113,00     2  java

18:55:59      UID       PID  minflt/s  majflt/s     VSZ     RSS   %MEM  Command
18:56:00     1000     49450  60350,00      0,00 11068948 1656140  10,17  java

18:56:00      UID       PID    %usr %system  %guest   %wait    %CPU   CPU  Command
18:56:01     1000     49450   94,00   37,00    0,00    0,00  131,00     2  java

18:56:00      UID       PID  minflt/s  majflt/s     VSZ     RSS   %MEM  Command
18:56:01     1000     49450 137871,00      0,00 11068948 2207252  13,55  java

18:56:01      UID       PID    %usr %system  %guest   %wait    %CPU   CPU  Command
18:56:02     1000     49450   69,00   24,00    0,00    0,00   93,00     2  java

18:56:01      UID       PID  minflt/s  majflt/s     VSZ     RSS   %MEM  Command
18:56:02     1000     49450     15,00      0,00 11068948 2207292  13,55  java

18:56:02      UID       PID    %usr %system  %guest   %wait    %CPU   CPU  Command
18:56:03     1000     49450   64,00   18,00    0,00    0,00   82,00     2  java

18:56:02      UID       PID  minflt/s  majflt/s     VSZ     RSS   %MEM  Command
18:56:03     1000     49450     25,00      0,00 11068948 2207556  13,55  java

18:56:03      UID       PID    %usr %system  %guest   %wait    %CPU   CPU  Command
18:56:04     1000     49450   78,00   23,00    0,00    0,00  101,00     2  java

18:56:03      UID       PID  minflt/s  majflt/s     VSZ     RSS   %MEM  Command
18:56:04     1000     49450   5229,00      0,00 11068948 2228664  13,68  java

18:56:04      UID       PID    %usr %system  %guest   %wait    %CPU   CPU  Command
18:56:05     1000     49450  150,00   20,00    0,00    0,00  170,00     2  java

18:56:04      UID       PID  minflt/s  majflt/s     VSZ     RSS   %MEM  Command
18:56:05     1000     49450   1848,00      0,00 11068948 2235840  13,73  java

18:56:05      UID       PID    %usr %system  %guest   %wait    %CPU   CPU  Command
18:56:06     1000     49450  151,00   25,00    0,00    0,00  176,00     2  java

18:56:05      UID       PID  minflt/s  majflt/s     VSZ     RSS   %MEM  Command
18:56:06     1000     49450   1499,00      0,00 11068948 2238176  13,74  java

18:56:06      UID       PID    %usr %system  %guest   %wait    %CPU   CPU  Command
18:56:07     1000     49450  100,00   47,00    0,00    0,00  147,00     2  java

18:56:06      UID       PID  minflt/s  majflt/s     VSZ     RSS   %MEM  Command
18:56:07     1000     49450 152712,00      0,00 11068948 2842484  17,45  java

18:56:07      UID       PID    %usr %system  %guest   %wait    %CPU   CPU  Command
18:56:08     1000     49450  105,00   30,00    0,00    0,00  135,00     2  java

18:56:07      UID       PID  minflt/s  majflt/s     VSZ     RSS   %MEM  Command
18:56:08     1000     49450   1735,00      0,00 11068948 2849812  17,50  java

18:56:08      UID       PID    %usr %system  %guest   %wait    %CPU   CPU  Command
18:56:09     1000     49450  114,00   32,00    0,00    0,00  146,00     2  java

18:56:08      UID       PID  minflt/s  majflt/s     VSZ     RSS   %MEM  Command
18:56:09     1000     49450   2637,00      0,00 11068948 2860328  17,56  java

18:56:09      UID       PID    %usr %system  %guest   %wait    %CPU   CPU  Command
18:56:10     1000     49450  186,00   29,00    0,00    0,00  215,00     2  java

18:56:09      UID       PID  minflt/s  majflt/s     VSZ     RSS   %MEM  Command
18:56:10     1000     49450   2635,00      0,00 11068948 2870632  17,63  java

18:56:10      UID       PID    %usr %system  %guest   %wait    %CPU   CPU  Command
18:56:11     1000     49450  185,00   31,00    0,00    0,00  216,00     2  java

18:56:10      UID       PID  minflt/s  majflt/s     VSZ     RSS   %MEM  Command
18:56:11     1000     49450    475,00      0,00 11068948 2872700  17,64  java

18:56:11      UID       PID    %usr %system  %guest   %wait    %CPU   CPU  Command
18:56:12     1000     49450   95,00   25,00    0,00    0,00  120,00     2  java

18:56:11      UID       PID  minflt/s  majflt/s     VSZ     RSS   %MEM  Command
18:56:12     1000     49450    306,00      0,00 11068948 2870924  17,63  java

18:56:12      UID       PID    %usr %system  %guest   %wait    %CPU   CPU  Command
18:56:13     1000     49450   74,00   25,00    0,00    0,00   99,00     2  java

18:56:12      UID       PID  minflt/s  majflt/s     VSZ     RSS   %MEM  Command
18:56:13     1000     49450      0,00      0,00 11068948 2870924  17,63  java

18:56:13      UID       PID    %usr %system  %guest   %wait    %CPU   CPU  Command
18:56:14     1000     49450   81,00   29,00    0,00    0,00  110,00     2  java

18:56:13      UID       PID  minflt/s  majflt/s     VSZ     RSS   %MEM  Command
18:56:14     1000     49450    259,00      0,00 11068948 2871972  17,63  java

18:56:14      UID       PID    %usr %system  %guest   %wait    %CPU   CPU  Command
18:56:15     1000     49450   70,00   28,00    0,00    0,00   98,00     2  java

18:56:14      UID       PID  minflt/s  majflt/s     VSZ     RSS   %MEM  Command
18:56:15     1000     49450      0,00      0,00 11068948 2871972  17,63  java

18:56:15      UID       PID    %usr %system  %guest   %wait    %CPU   CPU  Command
18:56:16     1000     49450   90,00   25,00    0,00    0,00  115,00     2  java

18:56:15      UID       PID  minflt/s  majflt/s     VSZ     RSS   %MEM  Command
18:56:16     1000     49450   1097,00      0,00 11068948 2876436  17,66  java

18:56:16      UID       PID    %usr %system  %guest   %wait    %CPU   CPU  Command
18:56:17     1000     49450  110,00   29,00    0,00    0,00  139,00     2  java

18:56:16      UID       PID  minflt/s  majflt/s     VSZ     RSS   %MEM  Command
18:56:17     1000     49450   4057,00      0,00 11068948 2892264  17,76  java

18:56:17      UID       PID    %usr %system  %guest   %wait    %CPU   CPU  Command
18:56:18     1000     49450   76,00   28,00    0,00    0,00  104,00     2  java

18:56:17      UID       PID  minflt/s  majflt/s     VSZ     RSS   %MEM  Command
18:56:18     1000     49450      1,00      0,00 11068948 2892264  17,76  java

18:56:18      UID       PID    %usr %system  %guest   %wait    %CPU   CPU  Command
18:56:19     1000     49450   75,00   28,00    0,00    0,00  103,00     2  java

18:56:18      UID       PID  minflt/s  majflt/s     VSZ     RSS   %MEM  Command
18:56:19     1000     49450    205,00      0,00 11068948 2893452  17,77  java

18:56:19      UID       PID    %usr %system  %guest   %wait    %CPU   CPU  Command
18:56:20     1000     49450   77,00   29,00    0,00    0,00  106,00     2  java

18:56:19      UID       PID  minflt/s  majflt/s     VSZ     RSS   %MEM  Command
18:56:20     1000     49450      1,00      0,00 11068948 2893452  17,77  java

18:56:20      UID       PID    %usr %system  %guest   %wait    %CPU   CPU  Command
18:56:21     1000     49450   87,00   26,00    0,00    0,00  113,00     2  java

18:56:20      UID       PID  minflt/s  majflt/s     VSZ     RSS   %MEM  Command
18:56:21     1000     49450    124,00      0,00 11068948 2893708  17,77  java

18:56:21      UID       PID    %usr %system  %guest   %wait    %CPU   CPU  Command
18:56:22     1000     49450   79,00   26,00    0,00    0,00  105,00     2  java

18:56:21      UID       PID  minflt/s  majflt/s     VSZ     RSS   %MEM  Command
18:56:22     1000     49450      5,00      0,00 11068948 2886268  17,72  java

18:56:22      UID       PID    %usr %system  %guest   %wait    %CPU   CPU  Command
18:56:23     1000     49450   80,00   28,00    0,00    0,00  108,00     2  java

18:56:22      UID       PID  minflt/s  majflt/s     VSZ     RSS   %MEM  Command
18:56:23     1000     49450    268,00      0,00 11068948 2887320  17,73  java

18:56:23      UID       PID    %usr %system  %guest   %wait    %CPU   CPU  Command
18:56:24     1000     49450   76,00   23,00    0,00    0,00   99,00     2  java

18:56:23      UID       PID  minflt/s  majflt/s     VSZ     RSS   %MEM  Command
18:56:24     1000     49450      2,00      0,00 11068948 2887320  17,73  java

18:56:24      UID       PID    %usr %system  %guest   %wait    %CPU   CPU  Command
18:56:25     1000     49450   87,00   22,00    0,00    0,00  109,00     2  java

18:56:24      UID       PID  minflt/s  majflt/s     VSZ     RSS   %MEM  Command
18:56:25     1000     49450    201,00      0,00 11068948 2887836  17,73  java

18:56:25      UID       PID    %usr %system  %guest   %wait    %CPU   CPU  Command
18:56:26     1000     49450  120,00   27,00    0,00    0,00  147,00     2  java

18:56:25      UID       PID  minflt/s  majflt/s     VSZ     RSS   %MEM  Command
18:56:26     1000     49450    195,00      0,00 11068948 2888628  17,74  java

18:56:26      UID       PID    %usr %system  %guest   %wait    %CPU   CPU  Command
18:56:27     1000     49450   73,00   36,00    0,00    0,00  109,00     2  java

18:56:26      UID       PID  minflt/s  majflt/s     VSZ     RSS   %MEM  Command
18:56:27     1000     49450    188,00      0,00 11068948 2888876  17,74  java

18:56:27      UID       PID    %usr %system  %guest   %wait    %CPU   CPU  Command
18:56:28     1000     49450   71,00   30,00    0,00    0,00  101,00     2  java

18:56:27      UID       PID  minflt/s  majflt/s     VSZ     RSS   %MEM  Command
18:56:28     1000     49450     13,00      0,00 11068948 2888876  17,74  java

18:56:28      UID       PID    %usr %system  %guest   %wait    %CPU   CPU  Command
18:56:29     1000     49450   84,00   25,00    0,00    0,00  109,00     2  java

18:56:28      UID       PID  minflt/s  majflt/s     VSZ     RSS   %MEM  Command
18:56:29     1000     49450    212,00      0,00 11068948 2889660  17,74  java

18:56:29      UID       PID    %usr %system  %guest   %wait    %CPU   CPU  Command
18:56:30     1000     49450   75,00   24,00    0,00    0,00   99,00     2  java

18:56:29      UID       PID  minflt/s  majflt/s     VSZ     RSS   %MEM  Command
18:56:30     1000     49450      0,00      0,00 11068948 2889660  17,74  java

18:56:30      UID       PID    %usr %system  %guest   %wait    %CPU   CPU  Command
18:56:31     1000     49450   86,00   24,00    0,00    0,00  110,00     2  java

18:56:30      UID       PID  minflt/s  majflt/s     VSZ     RSS   %MEM  Command
18:56:31     1000     49450    128,00      0,00 11068948 2889932  17,74  java

18:56:31      UID       PID    %usr %system  %guest   %wait    %CPU   CPU  Command
18:56:32     1000     49450   79,00   23,00    0,00    0,00  102,00     2  java

18:56:31      UID       PID  minflt/s  majflt/s     VSZ     RSS   %MEM  Command
18:56:32     1000     49450    222,00      0,00 11068948 2890976  17,75  java

18:56:32      UID       PID    %usr %system  %guest   %wait    %CPU   CPU  Command
18:56:33     1000     49450   80,00   24,00    0,00    0,00  104,00     2  java

18:56:32      UID       PID  minflt/s  majflt/s     VSZ     RSS   %MEM  Command
18:56:33     1000     49450      1,00      0,00 11068948 2890464  17,75  java

18:56:33      UID       PID    %usr %system  %guest   %wait    %CPU   CPU  Command
18:56:34     1000     49450   69,00   30,00    0,00    0,00   99,00     2  java

18:56:33      UID       PID  minflt/s  majflt/s     VSZ     RSS   %MEM  Command
18:56:34     1000     49450      0,00      0,00 11068948 2890464  17,75  java

18:56:34      UID       PID    %usr %system  %guest   %wait    %CPU   CPU  Command
18:56:35     1000     49450   87,00   19,00    0,00    0,00  106,00     2  java

18:56:34      UID       PID  minflt/s  majflt/s     VSZ     RSS   %MEM  Command
18:56:35     1000     49450    171,00      0,00 11068948 2890992  17,75  java

18:56:35      UID       PID    %usr %system  %guest   %wait    %CPU   CPU  Command
18:56:36     1000     49450   79,00   21,00    0,00    0,00  100,00     2  java

18:56:35      UID       PID  minflt/s  majflt/s     VSZ     RSS   %MEM  Command
18:56:36     1000     49450      6,00      0,00 11068948 2890992  17,75  java

18:56:36      UID       PID    %usr %system  %guest   %wait    %CPU   CPU  Command
18:56:37     1000     49450  100,00   30,00    0,00    0,00  130,00     2  java

18:56:36      UID       PID  minflt/s  majflt/s     VSZ     RSS   %MEM  Command
18:56:37     1000     49450    270,00      0,00 11068948 2891676  17,76  java

18:56:37      UID       PID    %usr %system  %guest   %wait    %CPU   CPU  Command
18:56:38     1000     49450   75,00   24,00    0,00    0,00   99,00     2  java

18:56:37      UID       PID  minflt/s  majflt/s     VSZ     RSS   %MEM  Command
18:56:38     1000     49450      0,00      0,00 11068948 2891676  17,76  java

18:56:38      UID       PID    %usr %system  %guest   %wait    %CPU   CPU  Command
18:56:39     1000     49450   79,00   30,00    0,00    0,00  109,00     2  java

18:56:38      UID       PID  minflt/s  majflt/s     VSZ     RSS   %MEM  Command
18:56:39     1000     49450    198,00      0,00 11068948 2892708  17,76  java

18:56:39      UID       PID    %usr %system  %guest   %wait    %CPU   CPU  Command
18:56:40     1000     49450   70,00   29,00    0,00    0,00   99,00     2  java

18:56:39      UID       PID  minflt/s  majflt/s     VSZ     RSS   %MEM  Command
18:56:40     1000     49450      1,00      0,00 11068948 2892708  17,76  java

18:56:40      UID       PID    %usr %system  %guest   %wait    %CPU   CPU  Command
18:56:41     1000     49450   82,00   26,00    0,00    0,00  108,00     2  java

18:56:40      UID       PID  minflt/s  majflt/s     VSZ     RSS   %MEM  Command
18:56:41     1000     49450    112,00      0,00 11068948 2892972  17,76  java

18:56:41      UID       PID    %usr %system  %guest   %wait    %CPU   CPU  Command
18:56:42     1000     49450   68,00   29,00    0,00    0,00   97,00     2  java

18:56:41      UID       PID  minflt/s  majflt/s     VSZ     RSS   %MEM  Command
18:56:42     1000     49450      0,00      0,00 11068948 2892972  17,76  java

18:56:42      UID       PID    %usr %system  %guest   %wait    %CPU   CPU  Command
18:56:43     1000     49450   84,00   25,00    0,00    0,00  109,00     2  java

18:56:42      UID       PID  minflt/s  majflt/s     VSZ     RSS   %MEM  Command
18:56:43     1000     49450    172,00      0,00 11068948 2893488  17,77  java

18:56:43      UID       PID    %usr %system  %guest   %wait    %CPU   CPU  Command
18:56:44     1000     49450   70,00   29,00    0,00    0,00   99,00     2  java

18:56:43      UID       PID  minflt/s  majflt/s     VSZ     RSS   %MEM  Command
18:56:44     1000     49450      0,00      0,00 11068948 2893488  17,77  java

18:56:44      UID       PID    %usr %system  %guest   %wait    %CPU   CPU  Command
18:56:45     1000     49450   85,00   25,00    0,00    0,00  110,00     2  java

18:56:44      UID       PID  minflt/s  majflt/s     VSZ     RSS   %MEM  Command
18:56:45     1000     49450    300,00      0,00 11068948 2894524  17,77  java

18:56:45      UID       PID    %usr %system  %guest   %wait    %CPU   CPU  Command
18:56:46     1000     49450   99,00   27,00    0,00    0,00  126,00     2  java

18:56:45      UID       PID  minflt/s  majflt/s     VSZ     RSS   %MEM  Command
18:56:46     1000     49450      0,00      0,00 11068948 2894524  17,77  java

18:56:46      UID       PID    %usr %system  %guest   %wait    %CPU   CPU  Command
18:56:47     1000     49450   84,00   24,00    0,00    0,00  108,00     2  java

18:56:46      UID       PID  minflt/s  majflt/s     VSZ     RSS   %MEM  Command
18:56:47     1000     49450    204,00      0,00 11068948 2895576  17,78  java

18:56:47      UID       PID    %usr %system  %guest   %wait    %CPU   CPU  Command
18:56:48     1000     49450   81,00   29,00    0,00    0,00  110,00     2  java

18:56:47      UID       PID  minflt/s  majflt/s     VSZ     RSS   %MEM  Command
18:56:48     1000     49450    238,00      0,00 11068948 2896628  17,79  java

18:56:48      UID       PID    %usr %system  %guest   %wait    %CPU   CPU  Command
18:56:49     1000     49450   71,00   27,00    0,00    0,00   98,00     2  java

18:56:48      UID       PID  minflt/s  majflt/s     VSZ     RSS   %MEM  Command
18:56:49     1000     49450      0,00      0,00 11068948 2896628  17,79  java

18:56:49      UID       PID    %usr %system  %guest   %wait    %CPU   CPU  Command
18:56:50     1000     49450   85,00   24,00    0,00    0,00  109,00     2  java

18:56:49      UID       PID  minflt/s  majflt/s     VSZ     RSS   %MEM  Command
18:56:50     1000     49450     87,00      0,00 11068948 2896628  17,79  java

18:56:50      UID       PID    %usr %system  %guest   %wait    %CPU   CPU  Command
18:56:51     1000     49450   70,00   27,00    0,00    0,00   97,00     2  java

18:56:50      UID       PID  minflt/s  majflt/s     VSZ     RSS   %MEM  Command
18:56:51     1000     49450      0,00      0,00 11068948 2896628  17,79  java

18:56:51      UID       PID    %usr %system  %guest   %wait    %CPU   CPU  Command
18:56:52     1000     49450   83,00   26,00    0,00    0,00  109,00     2  java

18:56:51      UID       PID  minflt/s  majflt/s     VSZ     RSS   %MEM  Command
18:56:52     1000     49450    185,00      0,00 11068948 2897400  17,79  java

18:56:52      UID       PID    %usr %system  %guest   %wait    %CPU   CPU  Command
18:56:53     1000     49450   69,00   29,00    0,00    0,00   98,00     2  java

18:56:52      UID       PID  minflt/s  majflt/s     VSZ     RSS   %MEM  Command
18:56:53     1000     49450      0,00      0,00 11068948 2897400  17,79  java

18:56:53      UID       PID    %usr %system  %guest   %wait    %CPU   CPU  Command
18:56:54     1000     49450   85,00   25,00    0,00    0,00  110,00     2  java

18:56:53      UID       PID  minflt/s  majflt/s     VSZ     RSS   %MEM  Command
18:56:54     1000     49450    218,00      0,00 11068948 2898448  17,80  java

18:56:54      UID       PID    %usr %system  %guest   %wait    %CPU   CPU  Command

18:56:54      UID       PID  minflt/s  majflt/s     VSZ     RSS   %MEM  Command
