Linux 5.8.0-55-generic (sarue) 	21/06/2021 	_x86_64_	(4 CPU)

18:46:42      UID       PID    %usr %system  %guest   %wait    %CPU   CPU  Command
18:46:43     1000     48529  241,00   11,00    0,00    0,00  252,00     2  java

18:46:42      UID       PID  minflt/s  majflt/s     VSZ     RSS   %MEM  Command
18:46:43     1000     48529  33477,00      0,00 11093740  180352   1,11  java

18:46:43      UID       PID    %usr %system  %guest   %wait    %CPU   CPU  Command
18:46:44     1000     48529  224,00   28,00    0,00    0,00  252,00     2  java

18:46:43      UID       PID  minflt/s  majflt/s     VSZ     RSS   %MEM  Command
18:46:44     1000     48529  38970,00      0,00 11093740  335772   2,06  java

18:46:44      UID       PID    %usr %system  %guest   %wait    %CPU   CPU  Command
18:46:45     1000     48529   78,00   33,00    0,00    0,00  111,00     2  java

18:46:44      UID       PID  minflt/s  majflt/s     VSZ     RSS   %MEM  Command
18:46:45     1000     48529  62894,00      0,00 11093740  587524   3,61  java

18:46:45      UID       PID    %usr %system  %guest   %wait    %CPU   CPU  Command
18:46:46     1000     48529  151,00   28,00    0,00    0,00  179,00     2  java

18:46:45      UID       PID  minflt/s  majflt/s     VSZ     RSS   %MEM  Command
18:46:46     1000     48529  62199,00      0,00 11093740  836404   5,14  java

18:46:46      UID       PID    %usr %system  %guest   %wait    %CPU   CPU  Command
18:46:47     1000     48529   80,00   28,00    0,00    0,00  108,00     2  java

18:46:46      UID       PID  minflt/s  majflt/s     VSZ     RSS   %MEM  Command
18:46:47     1000     48529  18465,00      0,00 11093740  909908   5,59  java

18:46:47      UID       PID    %usr %system  %guest   %wait    %CPU   CPU  Command
18:46:48     1000     48529   91,00   34,00    0,00    0,00  125,00     2  java

18:46:47      UID       PID  minflt/s  majflt/s     VSZ     RSS   %MEM  Command
18:46:48     1000     48529 112221,00      0,00 11093740 1358824   8,34  java

18:46:48      UID       PID    %usr %system  %guest   %wait    %CPU   CPU  Command
18:46:49     1000     48529  134,00   21,00    0,00    0,00  155,00     2  java

18:46:48      UID       PID  minflt/s  majflt/s     VSZ     RSS   %MEM  Command
18:46:49     1000     48529  12059,00      0,00 11093740 1406656   8,64  java

18:46:49      UID       PID    %usr %system  %guest   %wait    %CPU   CPU  Command
18:46:50     1000     48529   94,00   29,00    0,00    0,00  123,00     2  java

18:46:49      UID       PID  minflt/s  majflt/s     VSZ     RSS   %MEM  Command
18:46:50     1000     48529   3403,00      0,00 11093740 1420760   8,72  java

18:46:50      UID       PID    %usr %system  %guest   %wait    %CPU   CPU  Command
18:46:51     1000     48529   81,00   37,00    0,00    0,00  118,00     2  java

18:46:50      UID       PID  minflt/s  majflt/s     VSZ     RSS   %MEM  Command
18:46:51     1000     48529 124881,00      0,00 11093740 1920296  11,79  java

18:46:51      UID       PID    %usr %system  %guest   %wait    %CPU   CPU  Command
18:46:52     1000     48529  109,00   31,00    0,00    0,00  140,00     2  java

18:46:51      UID       PID  minflt/s  majflt/s     VSZ     RSS   %MEM  Command
18:46:52     1000     48529  72634,00      0,00 11093740 2210504  13,57  java

18:46:52      UID       PID    %usr %system  %guest   %wait    %CPU   CPU  Command
18:46:53     1000     48529   82,00   27,00    0,00    0,00  109,00     2  java

18:46:52      UID       PID  minflt/s  majflt/s     VSZ     RSS   %MEM  Command
18:46:53     1000     48529     21,00      0,00 11093740 2210548  13,57  java

18:46:53      UID       PID    %usr %system  %guest   %wait    %CPU   CPU  Command
18:46:54     1000     48529   98,00   22,00    0,00    0,00  120,00     2  java

18:46:53      UID       PID  minflt/s  majflt/s     VSZ     RSS   %MEM  Command
18:46:54     1000     48529   5303,00      0,00 11093740 2231736  13,70  java

18:46:54      UID       PID    %usr %system  %guest   %wait    %CPU   CPU  Command
18:46:55     1000     48529   71,00   32,00    0,00    0,00  103,00     2  java

18:46:54      UID       PID  minflt/s  majflt/s     VSZ     RSS   %MEM  Command
18:46:55     1000     48529  31897,00      0,00 11093740 2359356  14,49  java

18:46:55      UID       PID    %usr %system  %guest   %wait    %CPU   CPU  Command
18:46:56     1000     48529   90,00   33,00    0,00    0,00  123,00     2  java

18:46:55      UID       PID  minflt/s  majflt/s     VSZ     RSS   %MEM  Command
18:46:56     1000     48529 123051,00      0,00 11093740 2851540  17,51  java

18:46:56      UID       PID    %usr %system  %guest   %wait    %CPU   CPU  Command
18:46:57     1000     48529  131,00   31,00    0,00    0,00  162,00     2  java

18:46:56      UID       PID  minflt/s  majflt/s     VSZ     RSS   %MEM  Command
18:46:57     1000     48529   1578,00      0,00 11093740 2857896  17,55  java

18:46:57      UID       PID    %usr %system  %guest   %wait    %CPU   CPU  Command
18:46:58     1000     48529  125,00   25,00    0,00    0,00  150,00     2  java

18:46:57      UID       PID  minflt/s  majflt/s     VSZ     RSS   %MEM  Command
18:46:58     1000     48529   2043,00      0,00 11093740 2857888  17,55  java

18:46:58      UID       PID    %usr %system  %guest   %wait    %CPU   CPU  Command
18:46:59     1000     48529  178,00   25,00    0,00    0,00  203,00     2  java

18:46:58      UID       PID  minflt/s  majflt/s     VSZ     RSS   %MEM  Command
18:46:59     1000     48529   9865,00      0,00 11093740 2872776  17,64  java

18:46:59      UID       PID    %usr %system  %guest   %wait    %CPU   CPU  Command
18:47:00     1000     48529  130,00   31,00    0,00    0,00  161,00     2  java

18:46:59      UID       PID  minflt/s  majflt/s     VSZ     RSS   %MEM  Command
18:47:00     1000     48529   5869,00      0,00 11093740 2871048  17,63  java

18:47:00      UID       PID    %usr %system  %guest   %wait    %CPU   CPU  Command
18:47:01     1000     48529  105,00   28,00    0,00    0,00  133,00     2  java

18:47:00      UID       PID  minflt/s  majflt/s     VSZ     RSS   %MEM  Command
18:47:01     1000     48529   1052,00      0,00 11093740 2869272  17,62  java

18:47:01      UID       PID    %usr %system  %guest   %wait    %CPU   CPU  Command
18:47:02     1000     48529  105,00   25,00    0,00    0,00  130,00     2  java

18:47:01      UID       PID  minflt/s  majflt/s     VSZ     RSS   %MEM  Command
18:47:02     1000     48529    303,00      0,00 11093740 2870092  17,62  java

18:47:02      UID       PID    %usr %system  %guest   %wait    %CPU   CPU  Command
18:47:03     1000     48529   66,00   22,00    0,00    0,00   88,00     2  java

18:47:02      UID       PID  minflt/s  majflt/s     VSZ     RSS   %MEM  Command
18:47:03     1000     48529     10,00      0,00 11093740 2870092  17,62  java

18:47:03      UID       PID    %usr %system  %guest   %wait    %CPU   CPU  Command
18:47:04     1000     48529   69,00   24,00    0,00    0,00   93,00     2  java

18:47:03      UID       PID  minflt/s  majflt/s     VSZ     RSS   %MEM  Command
18:47:04     1000     48529      1,00      0,00 11093740 2870092  17,62  java

18:47:04      UID       PID    %usr %system  %guest   %wait    %CPU   CPU  Command
18:47:05     1000     48529   79,00   26,00    0,00    0,00  105,00     2  java

18:47:04      UID       PID  minflt/s  majflt/s     VSZ     RSS   %MEM  Command
18:47:05     1000     48529    186,00      0,00 11093740 2871136  17,63  java

18:47:05      UID       PID    %usr %system  %guest   %wait    %CPU   CPU  Command
18:47:06     1000     48529   74,00   25,00    0,00    0,00   99,00     2  java

18:47:05      UID       PID  minflt/s  majflt/s     VSZ     RSS   %MEM  Command
18:47:06     1000     48529      0,00      0,00 11093740 2866820  17,60  java

18:47:06      UID       PID    %usr %system  %guest   %wait    %CPU   CPU  Command
18:47:07     1000     48529   79,00   26,00    0,00    0,00  105,00     2  java

18:47:06      UID       PID  minflt/s  majflt/s     VSZ     RSS   %MEM  Command
18:47:07     1000     48529    231,00      0,00 11093740 2867584  17,61  java

18:47:07      UID       PID    %usr %system  %guest   %wait    %CPU   CPU  Command
18:47:08     1000     48529   58,00   23,00    0,00    0,00   81,00     2  java

18:47:07      UID       PID  minflt/s  majflt/s     VSZ     RSS   %MEM  Command
18:47:08     1000     48529      0,00      0,00 11093740 2867584  17,61  java

18:47:08      UID       PID    %usr %system  %guest   %wait    %CPU   CPU  Command
18:47:09     1000     48529   63,00   21,00    0,00    0,00   84,00     2  java

18:47:08      UID       PID  minflt/s  majflt/s     VSZ     RSS   %MEM  Command
18:47:09     1000     48529      0,00      0,00 11093740 2867584  17,61  java

18:47:09      UID       PID    %usr %system  %guest   %wait    %CPU   CPU  Command
18:47:10     1000     48529   64,00   23,00    0,00    0,00   87,00     2  java

18:47:09      UID       PID  minflt/s  majflt/s     VSZ     RSS   %MEM  Command
18:47:10     1000     48529      2,00      0,00 11093740 2867584  17,61  java

18:47:10      UID       PID    %usr %system  %guest   %wait    %CPU   CPU  Command
18:47:11     1000     48529   50,00   20,00    0,00    0,00   70,00     2  java

18:47:10      UID       PID  minflt/s  majflt/s     VSZ     RSS   %MEM  Command
18:47:11     1000     48529      0,00      0,00 11093740 2867584  17,61  java

18:47:11      UID       PID    %usr %system  %guest   %wait    %CPU   CPU  Command
18:47:12     1000     48529   48,00   18,00    0,00    0,00   66,00     2  java

18:47:11      UID       PID  minflt/s  majflt/s     VSZ     RSS   %MEM  Command
18:47:12     1000     48529    170,00      0,00 11093740 2868112  17,61  java

18:47:12      UID       PID    %usr %system  %guest   %wait    %CPU   CPU  Command
18:47:13     1000     48529   49,00   11,00    0,00    0,00   60,00     2  java

18:47:12      UID       PID  minflt/s  majflt/s     VSZ     RSS   %MEM  Command
18:47:13     1000     48529      0,00      0,00 11093740 2868112  17,61  java

18:47:13      UID       PID    %usr %system  %guest   %wait    %CPU   CPU  Command
18:47:14     1000     48529   47,00   23,00    0,00    0,00   70,00     2  java

18:47:13      UID       PID  minflt/s  majflt/s     VSZ     RSS   %MEM  Command
18:47:14     1000     48529      1,00      0,00 11093740 2868112  17,61  java

18:47:14      UID       PID    %usr %system  %guest   %wait    %CPU   CPU  Command
18:47:15     1000     48529   26,00   13,00    0,00    0,00   39,00     2  java

18:47:14      UID       PID  minflt/s  majflt/s     VSZ     RSS   %MEM  Command
18:47:15     1000     48529      0,00      0,00 11093740 2868112  17,61  java

18:47:15      UID       PID    %usr %system  %guest   %wait    %CPU   CPU  Command
18:47:16     1000     48529   33,00   19,00    0,00    0,00   52,00     2  java

18:47:15      UID       PID  minflt/s  majflt/s     VSZ     RSS   %MEM  Command
18:47:16     1000     48529     11,00      0,00 11093740 2868296  17,61  java

18:47:16      UID       PID    %usr %system  %guest   %wait    %CPU   CPU  Command
18:47:17     1000     48529   27,00   16,00    0,00    0,00   43,00     2  java

18:47:16      UID       PID  minflt/s  majflt/s     VSZ     RSS   %MEM  Command
18:47:17     1000     48529      0,00      0,00 11093740 2868296  17,61  java

18:47:17      UID       PID    %usr %system  %guest   %wait    %CPU   CPU  Command
18:47:18     1000     48529   60,00   31,00    0,00    0,00   91,00     2  java

18:47:17      UID       PID  minflt/s  majflt/s     VSZ     RSS   %MEM  Command
18:47:18     1000     48529      1,00      0,00 11093740 2868296  17,61  java

18:47:18      UID       PID    %usr %system  %guest   %wait    %CPU   CPU  Command
18:47:19     1000     48529   48,00   25,00    0,00    0,00   73,00     2  java

18:47:18      UID       PID  minflt/s  majflt/s     VSZ     RSS   %MEM  Command
18:47:19     1000     48529      4,00      0,00 11093740 2868328  17,61  java

18:47:19      UID       PID    %usr %system  %guest   %wait    %CPU   CPU  Command
18:47:20     1000     48529   79,00   19,00    0,00    0,00   98,00     2  java

18:47:19      UID       PID  minflt/s  majflt/s     VSZ     RSS   %MEM  Command
18:47:20     1000     48529   1053,00      0,00 11093740 2872548  17,64  java

18:47:20      UID       PID    %usr %system  %guest   %wait    %CPU   CPU  Command
18:47:21     1000     48529   84,00   24,00    0,00    0,00  108,00     2  java

18:47:20      UID       PID  minflt/s  majflt/s     VSZ     RSS   %MEM  Command
18:47:21     1000     48529    669,00      0,00 11093740 2872472  17,64  java

18:47:21      UID       PID    %usr %system  %guest   %wait    %CPU   CPU  Command
18:47:22     1000     48529   64,00   28,00    0,00    0,00   92,00     2  java

18:47:21      UID       PID  minflt/s  majflt/s     VSZ     RSS   %MEM  Command
18:47:22     1000     48529      0,00      0,00 11093740 2872472  17,64  java

18:47:22      UID       PID    %usr %system  %guest   %wait    %CPU   CPU  Command
18:47:23     1000     48529   61,00   25,00    0,00    0,00   86,00     2  java

18:47:22      UID       PID  minflt/s  majflt/s     VSZ     RSS   %MEM  Command
18:47:23     1000     48529      0,00      0,00 11093740 2872472  17,64  java

18:47:23      UID       PID    %usr %system  %guest   %wait    %CPU   CPU  Command
18:47:24     1000     48529   72,00   22,00    0,00    0,00   94,00     2  java

18:47:23      UID       PID  minflt/s  majflt/s     VSZ     RSS   %MEM  Command
18:47:24     1000     48529     59,00      0,00 11093740 2872472  17,64  java

18:47:24      UID       PID    %usr %system  %guest   %wait    %CPU   CPU  Command
18:47:25     1000     48529   68,00   29,00    0,00    0,00   97,00     2  java

18:47:24      UID       PID  minflt/s  majflt/s     VSZ     RSS   %MEM  Command
18:47:25     1000     48529      0,00      0,00 11093740 2872472  17,64  java

18:47:25      UID       PID    %usr %system  %guest   %wait    %CPU   CPU  Command
18:47:26     1000     48529   63,00   22,00    0,00    0,00   85,00     2  java

18:47:25      UID       PID  minflt/s  majflt/s     VSZ     RSS   %MEM  Command
18:47:26     1000     48529      0,00      0,00 11093740 2872472  17,64  java

18:47:26      UID       PID    %usr %system  %guest   %wait    %CPU   CPU  Command
18:47:27     1000     48529   74,00   25,00    0,00    0,00   99,00     2  java

18:47:26      UID       PID  minflt/s  majflt/s     VSZ     RSS   %MEM  Command
18:47:27     1000     48529      0,00      0,00 11093740 2872472  17,64  java

18:47:27      UID       PID    %usr %system  %guest   %wait    %CPU   CPU  Command
18:47:28     1000     48529   73,00   24,00    0,00    0,00   97,00     2  java

18:47:27      UID       PID  minflt/s  majflt/s     VSZ     RSS   %MEM  Command
18:47:28     1000     48529    123,00      0,00 11093740 2872784  17,64  java

18:47:28      UID       PID    %usr %system  %guest   %wait    %CPU   CPU  Command
18:47:29     1000     48529   71,00   21,00    0,00    0,00   92,00     2  java

18:47:28      UID       PID  minflt/s  majflt/s     VSZ     RSS   %MEM  Command
18:47:29     1000     48529     39,00      0,00 11093740 2873312  17,64  java

18:47:29      UID       PID    %usr %system  %guest   %wait    %CPU   CPU  Command
18:47:30     1000     48529   63,00   26,00    0,00    0,00   89,00     2  java

18:47:29      UID       PID  minflt/s  majflt/s     VSZ     RSS   %MEM  Command
18:47:30     1000     48529      0,00      0,00 11093740 2873312  17,64  java

18:47:30      UID       PID    %usr %system  %guest   %wait    %CPU   CPU  Command
18:47:31     1000     48529   44,00   13,00    0,00    0,00   57,00     2  java

18:47:30      UID       PID  minflt/s  majflt/s     VSZ     RSS   %MEM  Command
18:47:31     1000     48529      0,00      0,00 11093740 2873312  17,64  java

18:47:31      UID       PID    %usr %system  %guest   %wait    %CPU   CPU  Command
18:47:32     1000     48529   66,00   30,00    0,00    0,00   96,00     2  java

18:47:31      UID       PID  minflt/s  majflt/s     VSZ     RSS   %MEM  Command
18:47:32     1000     48529      8,00      0,00 11093740 2873312  17,64  java

18:47:32      UID       PID    %usr %system  %guest   %wait    %CPU   CPU  Command
18:47:33     1000     48529   79,00   24,00    0,00    0,00  103,00     2  java

18:47:32      UID       PID  minflt/s  majflt/s     VSZ     RSS   %MEM  Command
18:47:33     1000     48529    247,00      0,00 11093740 2874348  17,65  java

18:47:33      UID       PID    %usr %system  %guest   %wait    %CPU   CPU  Command
18:47:34     1000     48529   67,00   22,00    0,00    0,00   89,00     2  java

18:47:33      UID       PID  minflt/s  majflt/s     VSZ     RSS   %MEM  Command
18:47:34     1000     48529      0,00      0,00 11093740 2874348  17,65  java

18:47:34      UID       PID    %usr %system  %guest   %wait    %CPU   CPU  Command
18:47:35     1000     48529   64,00   26,00    0,00    0,00   90,00     2  java

18:47:34      UID       PID  minflt/s  majflt/s     VSZ     RSS   %MEM  Command
18:47:35     1000     48529      0,00      0,00 11093740 2874348  17,65  java

18:47:35      UID       PID    %usr %system  %guest   %wait    %CPU   CPU  Command
18:47:36     1000     48529   83,00   22,00    0,00    0,00  105,00     2  java

18:47:35      UID       PID  minflt/s  majflt/s     VSZ     RSS   %MEM  Command
18:47:36     1000     48529    190,00      0,00 11093740 2874872  17,65  java

18:47:36      UID       PID    %usr %system  %guest   %wait    %CPU   CPU  Command
18:47:37     1000     48529   85,00   24,00    0,00    0,00  109,00     2  java

18:47:36      UID       PID  minflt/s  majflt/s     VSZ     RSS   %MEM  Command
18:47:37     1000     48529     13,00      0,00 11093740 2874872  17,65  java

18:47:37      UID       PID    %usr %system  %guest   %wait    %CPU   CPU  Command
18:47:38     1000     48529   57,00   26,00    0,00    0,00   83,00     2  java

18:47:37      UID       PID  minflt/s  majflt/s     VSZ     RSS   %MEM  Command
18:47:38     1000     48529      0,00      0,00 11093740 2874872  17,65  java

18:47:38      UID       PID    %usr %system  %guest   %wait    %CPU   CPU  Command
18:47:39     1000     48529   85,00   24,00    0,00    0,00  109,00     2  java

18:47:38      UID       PID  minflt/s  majflt/s     VSZ     RSS   %MEM  Command
18:47:39     1000     48529    292,00      0,00 11093740 2876408  17,66  java

18:47:39      UID       PID    %usr %system  %guest   %wait    %CPU   CPU  Command
18:47:40     1000     48529   68,00   29,00    0,00    0,00   97,00     2  java

18:47:39      UID       PID  minflt/s  majflt/s     VSZ     RSS   %MEM  Command
18:47:40     1000     48529      0,00      0,00 11093740 2876408  17,66  java

18:47:40      UID       PID    %usr %system  %guest   %wait    %CPU   CPU  Command
18:47:41     1000     48529   82,00   23,00    0,00    0,00  105,00     2  java

18:47:40      UID       PID  minflt/s  majflt/s     VSZ     RSS   %MEM  Command
18:47:41     1000     48529     66,00      0,00 11093740 2876408  17,66  java

18:47:41      UID       PID    %usr %system  %guest   %wait    %CPU   CPU  Command
18:47:42     1000     48529   75,00   30,00    0,00    0,00  105,00     2  java

18:47:41      UID       PID  minflt/s  majflt/s     VSZ     RSS   %MEM  Command
18:47:42     1000     48529      2,00      0,00 11093740 2875028  17,65  java

18:47:42      UID       PID    %usr %system  %guest   %wait    %CPU   CPU  Command
18:47:43     1000     48529   68,00   29,00    0,00    0,00   97,00     2  java

18:47:42      UID       PID  minflt/s  majflt/s     VSZ     RSS   %MEM  Command
18:47:43     1000     48529      0,00      0,00 11093740 2875028  17,65  java

18:47:43      UID       PID    %usr %system  %guest   %wait    %CPU   CPU  Command
18:47:44     1000     48529   80,00   26,00    0,00    0,00  106,00     2  java

18:47:43      UID       PID  minflt/s  majflt/s     VSZ     RSS   %MEM  Command
18:47:44     1000     48529    104,00      0,00 11093740 2875288  17,65  java

18:47:44      UID       PID    %usr %system  %guest   %wait    %CPU   CPU  Command
18:47:45     1000     48529   68,00   32,00    0,00    0,00  100,00     2  java

18:47:44      UID       PID  minflt/s  majflt/s     VSZ     RSS   %MEM  Command
18:47:45     1000     48529      1,00      0,00 11093740 2875288  17,65  java

18:47:45      UID       PID    %usr %system  %guest   %wait    %CPU   CPU  Command
18:47:46     1000     48529   69,00   29,00    0,00    0,00   98,00     2  java

18:47:45      UID       PID  minflt/s  majflt/s     VSZ     RSS   %MEM  Command
18:47:46     1000     48529      0,00      0,00 11093740 2875288  17,65  java

18:47:46      UID       PID    %usr %system  %guest   %wait    %CPU   CPU  Command
18:47:47     1000     48529   82,00   24,00    0,00    0,00  106,00     2  java

18:47:46      UID       PID  minflt/s  majflt/s     VSZ     RSS   %MEM  Command
18:47:47     1000     48529    243,00      0,00 11093740 2876076  17,66  java

18:47:47      UID       PID    %usr %system  %guest   %wait    %CPU   CPU  Command
18:47:48     1000     48529   67,00   30,00    0,00    0,00   97,00     2  java

18:47:47      UID       PID  minflt/s  majflt/s     VSZ     RSS   %MEM  Command
18:47:48     1000     48529      0,00      0,00 11093740 2876076  17,66  java

18:47:48      UID       PID    %usr %system  %guest   %wait    %CPU   CPU  Command
18:47:49     1000     48529   68,00   28,00    0,00    0,00   96,00     2  java

18:47:48      UID       PID  minflt/s  majflt/s     VSZ     RSS   %MEM  Command
18:47:49     1000     48529      0,00      0,00 11093740 2876076  17,66  java

18:47:49      UID       PID    %usr %system  %guest   %wait    %CPU   CPU  Command
18:47:50     1000     48529   78,00   25,00    0,00    0,00  103,00     2  java

18:47:49      UID       PID  minflt/s  majflt/s     VSZ     RSS   %MEM  Command
18:47:50     1000     48529    235,00      0,00 11093740 2877352  17,67  java

18:47:50      UID       PID    %usr %system  %guest   %wait    %CPU   CPU  Command
18:47:51     1000     48529   74,00   23,00    0,00    0,00   97,00     2  java

18:47:50      UID       PID  minflt/s  majflt/s     VSZ     RSS   %MEM  Command
18:47:51     1000     48529      0,00      0,00 11093740 2877352  17,67  java

18:47:51      UID       PID    %usr %system  %guest   %wait    %CPU   CPU  Command
18:47:52     1000     48529   82,00   25,00    0,00    0,00  107,00     2  java

18:47:51      UID       PID  minflt/s  majflt/s     VSZ     RSS   %MEM  Command
18:47:52     1000     48529    185,00      0,00 11093740 2877604  17,67  java

18:47:52      UID       PID    %usr %system  %guest   %wait    %CPU   CPU  Command
18:47:53     1000     48529   64,00   33,00    0,00    0,00   97,00     2  java

18:47:52      UID       PID  minflt/s  majflt/s     VSZ     RSS   %MEM  Command
18:47:53     1000     48529      0,00      0,00 11093740 2877604  17,67  java

18:47:53      UID       PID    %usr %system  %guest   %wait    %CPU   CPU  Command
18:47:54     1000     48529   71,00   26,00    0,00    0,00   97,00     2  java

18:47:53      UID       PID  minflt/s  majflt/s     VSZ     RSS   %MEM  Command
18:47:54     1000     48529      0,00      0,00 11093740 2877604  17,67  java

18:47:54      UID       PID    %usr %system  %guest   %wait    %CPU   CPU  Command
18:47:55     1000     48529   82,00   22,00    0,00    0,00  104,00     2  java

18:47:54      UID       PID  minflt/s  majflt/s     VSZ     RSS   %MEM  Command
18:47:55     1000     48529    127,00      0,00 11093740 2877620  17,67  java

18:47:55      UID       PID    %usr %system  %guest   %wait    %CPU   CPU  Command
18:47:56     1000     48529   69,00   29,00    0,00    0,00   98,00     2  java

18:47:55      UID       PID  minflt/s  majflt/s     VSZ     RSS   %MEM  Command
18:47:56     1000     48529      0,00      0,00 11093740 2877620  17,67  java

18:47:56      UID       PID    %usr %system  %guest   %wait    %CPU   CPU  Command
18:47:57     1000     48529   67,00   32,00    0,00    0,00   99,00     2  java

18:47:56      UID       PID  minflt/s  majflt/s     VSZ     RSS   %MEM  Command
18:47:57     1000     48529      0,00      0,00 11093740 2877620  17,67  java

18:47:57      UID       PID    %usr %system  %guest   %wait    %CPU   CPU  Command
18:47:58     1000     48529   81,00   25,00    0,00    0,00  106,00     2  java

18:47:57      UID       PID  minflt/s  majflt/s     VSZ     RSS   %MEM  Command
18:47:58     1000     48529    112,00      0,00 11093740 2877884  17,67  java

18:47:58      UID       PID    %usr %system  %guest   %wait    %CPU   CPU  Command
18:47:59     1000     48529   70,00   29,00    0,00    0,00   99,00     2  java

18:47:58      UID       PID  minflt/s  majflt/s     VSZ     RSS   %MEM  Command
18:47:59     1000     48529      0,00      0,00 11093740 2877884  17,67  java

18:47:59      UID       PID    %usr %system  %guest   %wait    %CPU   CPU  Command
18:48:00     1000     48529   79,00   26,00    0,00    0,00  105,00     2  java

18:47:59      UID       PID  minflt/s  majflt/s     VSZ     RSS   %MEM  Command
18:48:00     1000     48529    164,00      0,00 11093740 2878388  17,67  java

18:48:00      UID       PID    %usr %system  %guest   %wait    %CPU   CPU  Command
18:48:01     1000     48529   77,00   21,00    0,00    0,00   98,00     2  java

18:48:00      UID       PID  minflt/s  majflt/s     VSZ     RSS   %MEM  Command
18:48:01     1000     48529      0,00      0,00 11093740 2878388  17,67  java

18:48:01      UID       PID    %usr %system  %guest   %wait    %CPU   CPU  Command
18:48:02     1000     48529   74,00   25,00    0,00    0,00   99,00     2  java

18:48:01      UID       PID  minflt/s  majflt/s     VSZ     RSS   %MEM  Command
18:48:02     1000     48529      0,00      0,00 11093740 2878388  17,67  java

18:48:02      UID       PID    %usr %system  %guest   %wait    %CPU   CPU  Command
18:48:03     1000     48529   75,00   33,00    0,00    0,00  108,00     2  java

18:48:02      UID       PID  minflt/s  majflt/s     VSZ     RSS   %MEM  Command
18:48:03     1000     48529    298,00      0,00 11093740 2879952  17,68  java

18:48:03      UID       PID    %usr %system  %guest   %wait    %CPU   CPU  Command
18:48:04     1000     48529   73,00   25,00    0,00    0,00   98,00     2  java

18:48:03      UID       PID  minflt/s  majflt/s     VSZ     RSS   %MEM  Command
18:48:04     1000     48529      0,00      0,00 11093740 2879952  17,68  java

18:48:04      UID       PID    %usr %system  %guest   %wait    %CPU   CPU  Command
18:48:05     1000     48529   85,00   23,00    0,00    0,00  108,00     2  java

18:48:04      UID       PID  minflt/s  majflt/s     VSZ     RSS   %MEM  Command
18:48:05     1000     48529    175,00      0,00 11093740 2880204  17,68  java

18:48:05      UID       PID    %usr %system  %guest   %wait    %CPU   CPU  Command
18:48:06     1000     48529   80,00   28,00    0,00    0,00  108,00     2  java

18:48:05      UID       PID  minflt/s  majflt/s     VSZ     RSS   %MEM  Command
18:48:06     1000     48529      3,00      0,00 11093740 2880204  17,68  java

18:48:06      UID       PID    %usr %system  %guest   %wait    %CPU   CPU  Command
18:48:07     1000     48529   76,00   26,00    0,00    0,00  102,00     2  java

18:48:06      UID       PID  minflt/s  majflt/s     VSZ     RSS   %MEM  Command
18:48:07     1000     48529    232,00      0,00 11093740 2881228  17,69  java

18:48:07      UID       PID    %usr %system  %guest   %wait    %CPU   CPU  Command
18:48:08     1000     48529   78,00   26,00    0,00    0,00  104,00     2  java

18:48:07      UID       PID  minflt/s  majflt/s     VSZ     RSS   %MEM  Command
18:48:08     1000     48529      1,00      0,00 11093740 2881224  17,69  java

18:48:08      UID       PID    %usr %system  %guest   %wait    %CPU   CPU  Command
18:48:09     1000     48529   75,00   24,00    0,00    0,00   99,00     2  java

18:48:08      UID       PID  minflt/s  majflt/s     VSZ     RSS   %MEM  Command
18:48:09     1000     48529      0,00      0,00 11093740 2881224  17,69  java

18:48:09      UID       PID    %usr %system  %guest   %wait    %CPU   CPU  Command
18:48:10     1000     48529   84,00   21,00    0,00    0,00  105,00     2  java

18:48:09      UID       PID  minflt/s  majflt/s     VSZ     RSS   %MEM  Command
18:48:10     1000     48529     87,00      0,00 11093740 2881740  17,69  java

18:48:10      UID       PID    %usr %system  %guest   %wait    %CPU   CPU  Command
18:48:11     1000     48529   68,00   29,00    0,00    0,00   97,00     2  java

18:48:10      UID       PID  minflt/s  majflt/s     VSZ     RSS   %MEM  Command
18:48:11     1000     48529      0,00      0,00 11093740 2881740  17,69  java

18:48:11      UID       PID    %usr %system  %guest   %wait    %CPU   CPU  Command
18:48:12     1000     48529   74,00   23,00    0,00    0,00   97,00     2  java

18:48:11      UID       PID  minflt/s  majflt/s     VSZ     RSS   %MEM  Command
18:48:12     1000     48529      2,00      0,00 11093740 2881740  17,69  java

18:48:12      UID       PID    %usr %system  %guest   %wait    %CPU   CPU  Command
18:48:13     1000     48529   81,00   25,00    0,00    0,00  106,00     2  java

18:48:12      UID       PID  minflt/s  majflt/s     VSZ     RSS   %MEM  Command
18:48:13     1000     48529    119,00      0,00 11093740 2881740  17,69  java

18:48:13      UID       PID    %usr %system  %guest   %wait    %CPU   CPU  Command
18:48:14     1000     48529   69,00   29,00    0,00    0,00   98,00     2  java

18:48:13      UID       PID  minflt/s  majflt/s     VSZ     RSS   %MEM  Command
18:48:14     1000     48529      0,00      0,00 11093740 2881740  17,69  java

18:48:14      UID       PID    %usr %system  %guest   %wait    %CPU   CPU  Command
18:48:15     1000     48529   85,00   22,00    0,00    0,00  107,00     2  java

18:48:14      UID       PID  minflt/s  majflt/s     VSZ     RSS   %MEM  Command
18:48:15     1000     48529    234,00      0,00 11093740 2882908  17,70  java

18:48:15      UID       PID    %usr %system  %guest   %wait    %CPU   CPU  Command
18:48:16     1000     48529   70,00   28,00    0,00    0,00   98,00     2  java

18:48:15      UID       PID  minflt/s  majflt/s     VSZ     RSS   %MEM  Command
18:48:16     1000     48529      0,00      0,00 11093740 2882908  17,70  java

18:48:16      UID       PID    %usr %system  %guest   %wait    %CPU   CPU  Command
18:48:17     1000     48529  116,00   21,00    0,00    0,00  137,00     2  java

18:48:16      UID       PID  minflt/s  majflt/s     VSZ     RSS   %MEM  Command
18:48:17     1000     48529   1186,00      0,00 11093740 2881740  17,69  java

18:48:17      UID       PID    %usr %system  %guest   %wait    %CPU   CPU  Command

18:48:17      UID       PID  minflt/s  majflt/s     VSZ     RSS   %MEM  Command
